<?xml version="1.0" encoding="UTF-8"?>
<!-- Generated by org.testng.reporters.JUnitReportReporter -->
<testsuite hostname="edublo-alienware-15" failures="0" tests="1" name="lab.ManageDemandTest" time="0.040" errors="0" timestamp="2022-04-01T21:02:48 PET" skipped="0">
  <testcase classname="lab.ManageDemandTest" name="test_AllOrdersFromPeru" time="0.040"/>
</testsuite> <!-- lab.ManageDemandTest -->
